<?xml version='1.0' encoding='UTF-8'?>
<testsuite hostname="codespaces-6e7984" name="yahtzee.YahtzeeTest" tests="22" errors="0" failures="0" skipped="0" time="0.078" timestamp="2025-12-07T02:53:22">
          <properties>
[...]
</properties>
          <testcase classname="yahtzee.YahtzeeTest" name="Scoring should score ones correctly" time="0.028">
                      
                    </testcase><testcase classname="yahtzee.YahtzeeTest" name="Scoring should score full house" time="0.006">
                      
                    </testcase><testcase classname="yahtzee.YahtzeeTest" name="Scoring should not score full house for non-full-house" time="0.001">
                      
                    </testcase><testcase classname="yahtzee.YahtzeeTest" name="Scoring should score yahtzee" time="0.007">
                      
                    </testcase><testcase classname="yahtzee.YahtzeeTest" name="Scoring should score three of a kind" time="0.002">
                      
                    </testcase><testcase classname="yahtzee.YahtzeeTest" name="Scoring should score four of a kind" time="0.0">
                      
                    </testcase><testcase classname="yahtzee.YahtzeeTest" name="Scoring should score small straight" time="0.001">
                      
                    </testcase><testcase classname="yahtzee.YahtzeeTest" name="Scoring should score large straight" time="0.001">
                      
                    </testcase><testcase classname="yahtzee.YahtzeeTest" name="Scoring should score chance" time="0.001">
                      
                    </testcase><testcase classname="yahtzee.YahtzeeTest" name="ScoreCard should track scores and prevent duplicates" time="0.001">
                      
                    </testcase><testcase classname="yahtzee.YahtzeeTest" name="ScoreCard should calculate total" time="0.001">
                      
                    </testcase><testcase classname="yahtzee.YahtzeeTest" name="ScoreCard should track available categories" time="0.011">
                      
                    </testcase><testcase classname="yahtzee.YahtzeeTest" name="GameState should be game over when all categories are filled" time="0.004">
                      
                    </testcase><testcase classname="yahtzee.YahtzeeTest" name="GameState should not be game over with available categories" time="0.0">
                      
                    </testcase><testcase classname="yahtzee.YahtzeeTest" name="GameState should properly track rolls (1 initial, 2 rerolls)" time="0.001">
                      
                    </testcase><testcase classname="yahtzee.YahtzeeTest" name="Dice should have 5 values" time="0.001">
                      
                    </testcase><testcase classname="yahtzee.YahtzeeTest" name="Dice should have values between 1 and 6" time="0.001">
                      
                    </testcase><testcase classname="yahtzee.YahtzeeTest" name="Dice should keep specified indices and reroll others" time="0.005">
                      
                    </testcase><testcase classname="yahtzee.YahtzeeTest" name="MultiPlayerGame should track players and current player" time="0.003">
                      
                    </testcase><testcase classname="yahtzee.YahtzeeTest" name="MultiPlayerGame should rotate players correctly" time="0.001">
                      
                    </testcase><testcase classname="yahtzee.YahtzeeTest" name="MultiPlayerGame should be game over when all players are done" time="0.001">
                      
                    </testcase><testcase classname="yahtzee.YahtzeeTest" name="MultiPlayerGame should rank scores correctly" time="0.001">
                      
                    </testcase>
          <system-out><![CDATA[]]></system-out>
          <system-err><![CDATA[]]></system-err>
        </testsuite>